Analysis & Synthesis report for ds18b20_seg7
Tue Sep 04 10:56:25 2012
Quartus II Version 11.0 Build 157 04/27/2011 SJ Full Version


---------------------
; Table of Contents ;
---------------------
  1. Legal Notice
  2. Analysis & Synthesis Summary
  3. Analysis & Synthesis Settings
  4. Parallel Compilation
  5. Analysis & Synthesis Source Files Read
  6. Analysis & Synthesis Resource Usage Summary
  7. Analysis & Synthesis Resource Utilization by Entity
  8. State Machine - |ds18b20_seg7|ds18b20_drive:ds18b20_u0|state
  9. Registers Removed During Synthesis
 10. General Register Statistics
 11. Multiplexer Restructuring Statistics (Restructuring Performed)
 12. Parameter Settings for User Entity Instance: ds18b20_drive:ds18b20_u0
 13. Port Connectivity Checks: "seg_dynamic_drive:seg7_u0"
 14. Port Connectivity Checks: "ds18b20_drive:ds18b20_u0"
 15. Elapsed Time Per Partition
 16. Analysis & Synthesis Messages



----------------
; Legal Notice ;
----------------
Copyright (C) 1991-2011 Altera Corporation
Your use of Altera Corporation's design tools, logic functions 
and other software and tools, and its AMPP partner logic 
functions, and any output files from any of the foregoing 
(including device programming or simulation files), and any 
associated documentation or information are expressly subject 
to the terms and conditions of the Altera Program License 
Subscription Agreement, Altera MegaCore Function License 
Agreement, or other applicable license agreement, including, 
without limitation, that your use is for the sole purpose of 
programming logic devices manufactured by Altera and sold by 
Altera or its authorized distributors.  Please refer to the 
applicable agreement for further details.



+--------------------------------------------------------------------------------+
; Analysis & Synthesis Summary                                                   ;
+------------------------------------+-------------------------------------------+
; Analysis & Synthesis Status        ; Successful - Tue Sep 04 10:56:25 2012     ;
; Quartus II Version                 ; 11.0 Build 157 04/27/2011 SJ Full Version ;
; Revision Name                      ; ds18b20_seg7                              ;
; Top-level Entity Name              ; ds18b20_seg7                              ;
; Family                             ; Cyclone IV E                              ;
; Total logic elements               ; 249                                       ;
;     Total combinational functions  ; 248                                       ;
;     Dedicated logic registers      ; 93                                        ;
; Total registers                    ; 93                                        ;
; Total pins                         ; 15                                        ;
; Total virtual pins                 ; 0                                         ;
; Total memory bits                  ; 0                                         ;
; Embedded Multiplier 9-bit elements ; 0                                         ;
; Total PLLs                         ; 0                                         ;
+------------------------------------+-------------------------------------------+


+----------------------------------------------------------------------------------------------------------------------+
; Analysis & Synthesis Settings                                                                                        ;
+----------------------------------------------------------------------------+--------------------+--------------------+
; Option                                                                     ; Setting            ; Default Value      ;
+----------------------------------------------------------------------------+--------------------+--------------------+
; Device                                                                     ; EP4CE6E22C8        ;                    ;
; Top-level entity name                                                      ; ds18b20_seg7       ; ds18b20_seg7       ;
; Family name                                                                ; Cyclone IV E       ; Cyclone IV GX      ;
; Use smart compilation                                                      ; Off                ; Off                ;
; Enable parallel Assembler and TimeQuest Timing Analyzer during compilation ; On                 ; On                 ;
; Enable compact report table                                                ; Off                ; Off                ;
; Restructure Multiplexers                                                   ; Auto               ; Auto               ;
; Create Debugging Nodes for IP Cores                                        ; Off                ; Off                ;
; Preserve fewer node names                                                  ; On                 ; On                 ;
; Disable OpenCore Plus hardware evaluation                                  ; Off                ; Off                ;
; Verilog Version                                                            ; Verilog_2001       ; Verilog_2001       ;
; VHDL Version                                                               ; VHDL_1993          ; VHDL_1993          ;
; State Machine Processing                                                   ; Auto               ; Auto               ;
; Safe State Machine                                                         ; Off                ; Off                ;
; Extract Verilog State Machines                                             ; On                 ; On                 ;
; Extract VHDL State Machines                                                ; On                 ; On                 ;
; Ignore Verilog initial constructs                                          ; Off                ; Off                ;
; Iteration limit for constant Verilog loops                                 ; 5000               ; 5000               ;
; Iteration limit for non-constant Verilog loops                             ; 250                ; 250                ;
; Add Pass-Through Logic to Inferred RAMs                                    ; On                 ; On                 ;
; Parallel Synthesis                                                         ; Off                ; Off                ;
; DSP Block Balancing                                                        ; Auto               ; Auto               ;
; NOT Gate Push-Back                                                         ; On                 ; On                 ;
; Power-Up Don't Care                                                        ; On                 ; On                 ;
; Remove Redundant Logic Cells                                               ; Off                ; Off                ;
; Remove Duplicate Registers                                                 ; On                 ; On                 ;
; Ignore CARRY Buffers                                                       ; Off                ; Off                ;
; Ignore CASCADE Buffers                                                     ; Off                ; Off                ;
; Ignore GLOBAL Buffers                                                      ; Off                ; Off                ;
; Ignore ROW GLOBAL Buffers                                                  ; Off                ; Off                ;
; Ignore LCELL Buffers                                                       ; Off                ; Off                ;
; Ignore SOFT Buffers                                                        ; On                 ; On                 ;
; Limit AHDL Integers to 32 Bits                                             ; Off                ; Off                ;
; Optimization Technique                                                     ; Balanced           ; Balanced           ;
; Carry Chain Length                                                         ; 70                 ; 70                 ;
; Auto Carry Chains                                                          ; On                 ; On                 ;
; Auto Open-Drain Pins                                                       ; On                 ; On                 ;
; Perform WYSIWYG Primitive Resynthesis                                      ; Off                ; Off                ;
; Auto ROM Replacement                                                       ; On                 ; On                 ;
; Auto RAM Replacement                                                       ; On                 ; On                 ;
; Auto DSP Block Replacement                                                 ; On                 ; On                 ;
; Auto Shift Register Replacement                                            ; Auto               ; Auto               ;
; Allow Shift Register Merging across Hierarchies                            ; Auto               ; Auto               ;
; Auto Clock Enable Replacement                                              ; On                 ; On                 ;
; Strict RAM Replacement                                                     ; Off                ; Off                ;
; Allow Synchronous Control Signals                                          ; On                 ; On                 ;
; Force Use of Synchronous Clear Signals                                     ; Off                ; Off                ;
; Auto RAM Block Balancing                                                   ; On                 ; On                 ;
; Auto RAM to Logic Cell Conversion                                          ; Off                ; Off                ;
; Auto Resource Sharing                                                      ; Off                ; Off                ;
; Allow Any RAM Size For Recognition                                         ; Off                ; Off                ;
; Allow Any ROM Size For Recognition                                         ; Off                ; Off                ;
; Allow Any Shift Register Size For Recognition                              ; Off                ; Off                ;
; Use LogicLock Constraints during Resource Balancing                        ; On                 ; On                 ;
; Ignore translate_off and synthesis_off directives                          ; Off                ; Off                ;
; Timing-Driven Synthesis                                                    ; Off                ; Off                ;
; Report Parameter Settings                                                  ; On                 ; On                 ;
; Report Source Assignments                                                  ; On                 ; On                 ;
; Report Connectivity Checks                                                 ; On                 ; On                 ;
; Ignore Maximum Fan-Out Assignments                                         ; Off                ; Off                ;
; Synchronization Register Chain Length                                      ; 2                  ; 2                  ;
; PowerPlay Power Optimization                                               ; Normal compilation ; Normal compilation ;
; HDL message level                                                          ; Level2             ; Level2             ;
; Suppress Register Optimization Related Messages                            ; Off                ; Off                ;
; Number of Removed Registers Reported in Synthesis Report                   ; 5000               ; 5000               ;
; Number of Inverted Registers Reported in Synthesis Report                  ; 100                ; 100                ;
; Clock MUX Protection                                                       ; On                 ; On                 ;
; Auto Gated Clock Conversion                                                ; Off                ; Off                ;
; Block Design Naming                                                        ; Auto               ; Auto               ;
; SDC constraint protection                                                  ; Off                ; Off                ;
; Synthesis Effort                                                           ; Auto               ; Auto               ;
; Shift Register Replacement - Allow Asynchronous Clear Signal               ; On                 ; On                 ;
; Analysis & Synthesis Message Level                                         ; Medium             ; Medium             ;
; Disable Register Merging Across Hierarchies                                ; Auto               ; Auto               ;
; Resource Aware Inference For Block RAM                                     ; On                 ; On                 ;
; Synthesis Seed                                                             ; 1                  ; 1                  ;
+----------------------------------------------------------------------------+--------------------+--------------------+


+------------------------------------------+
; Parallel Compilation                     ;
+----------------------------+-------------+
; Processors                 ; Number      ;
+----------------------------+-------------+
; Number detected on machine ; 2           ;
; Maximum allowed            ; 2           ;
;                            ;             ;
; Average used               ; 1.00        ;
; Maximum used               ; 1           ;
;                            ;             ;
; Usage by Processor         ; % Time Used ;
;     1 processor            ; 100.0%      ;
;     2 processors           ;   0.0%      ;
+----------------------------+-------------+


+-----------------------------------------------------------------------------------------------------------------------------------------+
; Analysis & Synthesis Source Files Read                                                                                                  ;
+----------------------------------+-----------------+------------------------+-----------------------------------------------------------+
; File Name with User-Entered Path ; Used in Netlist ; File Type              ; File Name with Absolute Path                              ;
+----------------------------------+-----------------+------------------------+-----------------------------------------------------------+
; src/ds18b20_drive.v              ; yes             ; User Verilog HDL File  ; E:/Program/EP4CE6/verilog/DS18B20/src/ds18b20_drive.v     ;
; src/ds18b20_seg7.v               ; yes             ; User Verilog HDL File  ; E:/Program/EP4CE6/verilog/DS18B20/src/ds18b20_seg7.v      ;
; src/seg_dynamic_drive.v          ; yes             ; User Verilog HDL File  ; E:/Program/EP4CE6/verilog/DS18B20/src/seg_dynamic_drive.v ;
+----------------------------------+-----------------+------------------------+-----------------------------------------------------------+


+--------------------------------------------------------------------------------+
; Analysis & Synthesis Resource Usage Summary                                    ;
+---------------------------------------------+----------------------------------+
; Resource                                    ; Usage                            ;
+---------------------------------------------+----------------------------------+
; Estimated Total logic elements              ; 249                              ;
;                                             ;                                  ;
; Total combinational functions               ; 248                              ;
; Logic element usage by number of LUT inputs ;                                  ;
;     -- 4 input functions                    ; 136                              ;
;     -- 3 input functions                    ; 43                               ;
;     -- <=2 input functions                  ; 69                               ;
;                                             ;                                  ;
; Logic elements by mode                      ;                                  ;
;     -- normal mode                          ; 209                              ;
;     -- arithmetic mode                      ; 39                               ;
;                                             ;                                  ;
; Total registers                             ; 93                               ;
;     -- Dedicated logic registers            ; 93                               ;
;     -- I/O registers                        ; 0                                ;
;                                             ;                                  ;
; I/O pins                                    ; 15                               ;
; Maximum fan-out node                        ; ds18b20_drive:ds18b20_u0|clk_1us ;
; Maximum fan-out                             ; 60                               ;
; Total fan-out                               ; 1113                             ;
; Average fan-out                             ; 2.99                             ;
+---------------------------------------------+----------------------------------+


+-----------------------------------------------------------------------------------------------------------------------------------------------------------------------------------------------------+
; Analysis & Synthesis Resource Utilization by Entity                                                                                                                                                 ;
+--------------------------------+-------------------+--------------+-------------+--------------+---------+-----------+------+--------------+-----------------------------------------+--------------+
; Compilation Hierarchy Node     ; LC Combinationals ; LC Registers ; Memory Bits ; DSP Elements ; DSP 9x9 ; DSP 18x18 ; Pins ; Virtual Pins ; Full Hierarchy Name                     ; Library Name ;
+--------------------------------+-------------------+--------------+-------------+--------------+---------+-----------+------+--------------+-----------------------------------------+--------------+
; |ds18b20_seg7                  ; 248 (0)           ; 93 (0)       ; 0           ; 0            ; 0       ; 0         ; 15   ; 0            ; |ds18b20_seg7                           ;              ;
;    |ds18b20_drive:ds18b20_u0|  ; 207 (207)         ; 67 (67)      ; 0           ; 0            ; 0       ; 0         ; 0    ; 0            ; |ds18b20_seg7|ds18b20_drive:ds18b20_u0  ;              ;
;    |seg_dynamic_drive:seg7_u0| ; 41 (41)           ; 26 (26)      ; 0           ; 0            ; 0       ; 0         ; 0    ; 0            ; |ds18b20_seg7|seg_dynamic_drive:seg7_u0 ;              ;
+--------------------------------+-------------------+--------------+-------------+--------------+---------+-----------+------+--------------+-----------------------------------------+--------------+
Note: For table entries with two numbers listed, the numbers in parentheses indicate the number of resources of the given type used by the specific entity alone. The numbers listed outside of parentheses indicate the total resources of the given type used by the specific entity and all of its sub-entities in the hierarchy.


Encoding Type:  One-Hot
+-----------------------------------------------------------------------------------------------------------------------------------------------------------------------------------------------------------------------------------------+
; State Machine - |ds18b20_seg7|ds18b20_drive:ds18b20_u0|state                                                                                                                                                                            ;
+---------------+--------------+---------------+--------------+----------+-------------+---------------+-------------+-------------+----------+----------+----------+----------+----------+----------+----------+-----------+-------------+
; Name          ; state.WRITE1 ; state.WRITE00 ; state.WRITE0 ; state.S7 ; state.READ0 ; state.WRITE01 ; state.READ1 ; state.READ2 ; state.S4 ; state.S3 ; state.S5 ; state.S6 ; state.S1 ; state.S2 ; state.S0 ; state.S00 ; state.READ3 ;
+---------------+--------------+---------------+--------------+----------+-------------+---------------+-------------+-------------+----------+----------+----------+----------+----------+----------+----------+-----------+-------------+
; state.S00     ; 0            ; 0             ; 0            ; 0        ; 0           ; 0             ; 0           ; 0           ; 0        ; 0        ; 0        ; 0        ; 0        ; 0        ; 0        ; 0         ; 0           ;
; state.S0      ; 0            ; 0             ; 0            ; 0        ; 0           ; 0             ; 0           ; 0           ; 0        ; 0        ; 0        ; 0        ; 0        ; 0        ; 1        ; 1         ; 0           ;
; state.S2      ; 0            ; 0             ; 0            ; 0        ; 0           ; 0             ; 0           ; 0           ; 0        ; 0        ; 0        ; 0        ; 0        ; 1        ; 0        ; 1         ; 0           ;
; state.S1      ; 0            ; 0             ; 0            ; 0        ; 0           ; 0             ; 0           ; 0           ; 0        ; 0        ; 0        ; 0        ; 1        ; 0        ; 0        ; 1         ; 0           ;
; state.S6      ; 0            ; 0             ; 0            ; 0        ; 0           ; 0             ; 0           ; 0           ; 0        ; 0        ; 0        ; 1        ; 0        ; 0        ; 0        ; 1         ; 0           ;
; state.S5      ; 0            ; 0             ; 0            ; 0        ; 0           ; 0             ; 0           ; 0           ; 0        ; 0        ; 1        ; 0        ; 0        ; 0        ; 0        ; 1         ; 0           ;
; state.S3      ; 0            ; 0             ; 0            ; 0        ; 0           ; 0             ; 0           ; 0           ; 0        ; 1        ; 0        ; 0        ; 0        ; 0        ; 0        ; 1         ; 0           ;
; state.S4      ; 0            ; 0             ; 0            ; 0        ; 0           ; 0             ; 0           ; 0           ; 1        ; 0        ; 0        ; 0        ; 0        ; 0        ; 0        ; 1         ; 0           ;
; state.READ2   ; 0            ; 0             ; 0            ; 0        ; 0           ; 0             ; 0           ; 1           ; 0        ; 0        ; 0        ; 0        ; 0        ; 0        ; 0        ; 1         ; 0           ;
; state.READ1   ; 0            ; 0             ; 0            ; 0        ; 0           ; 0             ; 1           ; 0           ; 0        ; 0        ; 0        ; 0        ; 0        ; 0        ; 0        ; 1         ; 0           ;
; state.WRITE01 ; 0            ; 0             ; 0            ; 0        ; 0           ; 1             ; 0           ; 0           ; 0        ; 0        ; 0        ; 0        ; 0        ; 0        ; 0        ; 1         ; 0           ;
; state.READ0   ; 0            ; 0             ; 0            ; 0        ; 1           ; 0             ; 0           ; 0           ; 0        ; 0        ; 0        ; 0        ; 0        ; 0        ; 0        ; 1         ; 0           ;
; state.S7      ; 0            ; 0             ; 0            ; 1        ; 0           ; 0             ; 0           ; 0           ; 0        ; 0        ; 0        ; 0        ; 0        ; 0        ; 0        ; 1         ; 0           ;
; state.WRITE0  ; 0            ; 0             ; 1            ; 0        ; 0           ; 0             ; 0           ; 0           ; 0        ; 0        ; 0        ; 0        ; 0        ; 0        ; 0        ; 1         ; 0           ;
; state.WRITE00 ; 0            ; 1             ; 0            ; 0        ; 0           ; 0             ; 0           ; 0           ; 0        ; 0        ; 0        ; 0        ; 0        ; 0        ; 0        ; 1         ; 0           ;
; state.WRITE1  ; 1            ; 0             ; 0            ; 0        ; 0           ; 0             ; 0           ; 0           ; 0        ; 0        ; 0        ; 0        ; 0        ; 0        ; 0        ; 1         ; 0           ;
; state.READ3   ; 0            ; 0             ; 0            ; 0        ; 0           ; 0             ; 0           ; 0           ; 0        ; 0        ; 0        ; 0        ; 0        ; 0        ; 0        ; 1         ; 1           ;
+---------------+--------------+---------------+--------------+----------+-------------+---------------+-------------+-------------+----------+----------+----------+----------+----------+----------+----------+-----------+-------------+


+--------------------------------------------------------------------------------+
; Registers Removed During Synthesis                                             ;
+---------------------------------------+----------------------------------------+
; Register name                         ; Reason for Removal                     ;
+---------------------------------------+----------------------------------------+
; ds18b20_drive:ds18b20_u0|one_wire_buf ; Stuck at GND due to stuck port data_in ;
; ds18b20_drive:ds18b20_u0|state~22     ; Lost fanout                            ;
; ds18b20_drive:ds18b20_u0|state~23     ; Lost fanout                            ;
; ds18b20_drive:ds18b20_u0|state~24     ; Lost fanout                            ;
; ds18b20_drive:ds18b20_u0|state~25     ; Lost fanout                            ;
; Total Number of Removed Registers = 5 ;                                        ;
+---------------------------------------+----------------------------------------+


+------------------------------------------------------+
; General Register Statistics                          ;
+----------------------------------------------+-------+
; Statistic                                    ; Value ;
+----------------------------------------------+-------+
; Total registers                              ; 93    ;
; Number of registers using Synchronous Clear  ; 20    ;
; Number of registers using Synchronous Load   ; 10    ;
; Number of registers using Asynchronous Clear ; 31    ;
; Number of registers using Asynchronous Load  ; 0     ;
; Number of registers using Clock Enable       ; 22    ;
; Number of registers using Preset             ; 0     ;
+----------------------------------------------+-------+


+-----------------------------------------------------------------------------------------------------------------------------------------------------------------------------------+
; Multiplexer Restructuring Statistics (Restructuring Performed)                                                                                                                    ;
+--------------------+-----------+---------------+----------------------+------------------------+-----------------------------------------------------+----------------------------+
; Multiplexer Inputs ; Bus Width ; Baseline Area ; Area if Restructured ; Saving if Restructured ; Registered                                          ; Example Multiplexer Output ;
+--------------------+-----------+---------------+----------------------+------------------------+-----------------------------------------------------+----------------------------+
; 6:1                ; 2 bits    ; 8 LEs         ; 8 LEs                ; 0 LEs                  ; |ds18b20_seg7|seg_dynamic_drive:seg7_u0|HEX[2]      ;                            ;
; 10:1               ; 4 bits    ; 24 LEs        ; 4 LEs                ; 20 LEs                 ; |ds18b20_seg7|ds18b20_drive:ds18b20_u0|bit_valid[1] ;                            ;
; 23:1               ; 4 bits    ; 60 LEs        ; 20 LEs               ; 40 LEs                 ; |ds18b20_seg7|ds18b20_drive:ds18b20_u0|Selector14   ;                            ;
; 81:1               ; 4 bits    ; 216 LEs       ; 72 LEs               ; 144 LEs                ; |ds18b20_seg7|ds18b20_drive:ds18b20_u0|Selector16   ;                            ;
+--------------------+-----------+---------------+----------------------+------------------------+-----------------------------------------------------+----------------------------+


+-----------------------------------------------------------------------+
; Parameter Settings for User Entity Instance: ds18b20_drive:ds18b20_u0 ;
+----------------+-------+----------------------------------------------+
; Parameter Name ; Value ; Type                                         ;
+----------------+-------+----------------------------------------------+
; S00            ; 00000 ; Unsigned Binary                              ;
; S0             ; 00001 ; Unsigned Binary                              ;
; S1             ; 00011 ; Unsigned Binary                              ;
; S2             ; 00010 ; Unsigned Binary                              ;
; S3             ; 00110 ; Unsigned Binary                              ;
; S4             ; 00111 ; Unsigned Binary                              ;
; S5             ; 00101 ; Unsigned Binary                              ;
; S6             ; 00100 ; Unsigned Binary                              ;
; S7             ; 01100 ; Unsigned Binary                              ;
; WRITE0         ; 01101 ; Unsigned Binary                              ;
; WRITE1         ; 01111 ; Unsigned Binary                              ;
; WRITE00        ; 01110 ; Unsigned Binary                              ;
; WRITE01        ; 01010 ; Unsigned Binary                              ;
; READ0          ; 01011 ; Unsigned Binary                              ;
; READ1          ; 01001 ; Unsigned Binary                              ;
; READ2          ; 01000 ; Unsigned Binary                              ;
; READ3          ; 11000 ; Unsigned Binary                              ;
+----------------+-------+----------------------------------------------+
Note: In order to hide this table in the UI and the text report file, please set the "Show Parameter Settings in Synthesis Report" option in "Analysis and Synthesis Settings -> More Settings" to "Off".


+-------------------------------------------------------+
; Port Connectivity Checks: "seg_dynamic_drive:seg7_u0" ;
+------------+-------+----------+-----------------------+
; Port       ; Type  ; Severity ; Details               ;
+------------+-------+----------+-----------------------+
; data[3..0] ; Input ; Info     ; Stuck at GND          ;
; dp[1..0]   ; Input ; Info     ; Stuck at VCC          ;
; dp[3]      ; Input ; Info     ; Stuck at VCC          ;
; dp[2]      ; Input ; Info     ; Stuck at GND          ;
+------------+-------+----------+-----------------------+


+-------------------------------------------------------------------------------------------------------------------------------+
; Port Connectivity Checks: "ds18b20_drive:ds18b20_u0"                                                                          ;
+---------------------+--------+----------+-------------------------------------------------------------------------------------+
; Port                ; Type   ; Severity ; Details                                                                             ;
+---------------------+--------+----------+-------------------------------------------------------------------------------------+
; temperature[15..12] ; Output ; Info     ; Connected to dangling logic. Logic that only feeds a dangling port will be removed. ;
+---------------------+--------+----------+-------------------------------------------------------------------------------------+


+-------------------------------+
; Elapsed Time Per Partition    ;
+----------------+--------------+
; Partition Name ; Elapsed Time ;
+----------------+--------------+
; Top            ; 00:00:01     ;
+----------------+--------------+


+-------------------------------+
; Analysis & Synthesis Messages ;
+-------------------------------+
Info: *******************************************************************
Info: Running Quartus II Analysis & Synthesis
    Info: Version 11.0 Build 157 04/27/2011 SJ Full Version
    Info: Processing started: Tue Sep 04 10:56:23 2012
Info: Command: quartus_map --read_settings_files=on --write_settings_files=off ds18b20_seg7 -c ds18b20_seg7
Info: Parallel compilation is enabled and will use 2 of the 2 processors detected
Info: Found 1 design units, including 1 entities, in source file src/ds18b20_drive.v
    Info: Found entity 1: ds18b20_drive
Info: Found 1 design units, including 1 entities, in source file src/ds18b20_seg7.v
    Info: Found entity 1: ds18b20_seg7
Warning: Can't analyze file -- file src/seg7x8_drive.v is missing
Warning: Can't analyze file -- file src/sel_4.v is missing
Warning: Can't analyze file -- file src/seg_7.v is missing
Info: Found 1 design units, including 1 entities, in source file src/seg_dynamic_drive.v
    Info: Found entity 1: seg_dynamic_drive
Info: Elaborating entity "ds18b20_seg7" for the top level hierarchy
Info: Elaborating entity "ds18b20_drive" for hierarchy "ds18b20_drive:ds18b20_u0"
Warning (10230): Verilog HDL assignment warning at ds18b20_drive.v(507): truncated value with size 32 to match size of target (4)
Warning (10230): Verilog HDL assignment warning at ds18b20_drive.v(509): truncated value with size 32 to match size of target (4)
Warning (10230): Verilog HDL assignment warning at ds18b20_drive.v(511): truncated value with size 32 to match size of target (4)
Warning (10230): Verilog HDL assignment warning at ds18b20_drive.v(513): truncated value with size 32 to match size of target (4)
Info: Elaborating entity "seg_dynamic_drive" for hierarchy "seg_dynamic_drive:seg7_u0"
Info: 4 registers lost all their fanouts during netlist optimizations. The first 4 are displayed below.
    Info: Register "ds18b20_drive:ds18b20_u0|state~22" lost all its fanouts during netlist optimizations.
    Info: Register "ds18b20_drive:ds18b20_u0|state~23" lost all its fanouts during netlist optimizations.
    Info: Register "ds18b20_drive:ds18b20_u0|state~24" lost all its fanouts during netlist optimizations.
    Info: Register "ds18b20_drive:ds18b20_u0|state~25" lost all its fanouts during netlist optimizations.
Info: Generating hard_block partition "hard_block:auto_generated_inst"
Info: Implemented 268 device resources after synthesis - the final resource count might be different
    Info: Implemented 2 input pins
    Info: Implemented 12 output pins
    Info: Implemented 1 bidirectional pins
    Info: Implemented 253 logic cells
Info: Quartus II Analysis & Synthesis was successful. 0 errors, 7 warnings
    Info: Peak virtual memory: 224 megabytes
    Info: Processing ended: Tue Sep 04 10:56:25 2012
    Info: Elapsed time: 00:00:02
    Info: Total CPU time (on all processors): 00:00:02


