EDA Netlist Writer report for keyscan
Mon Sep 03 18:22:17 2012
Quartus II Version 11.0 Build 157 04/27/2011 SJ Full Version


---------------------
; Table of Contents ;
---------------------
  1. Legal Notice
  2. EDA Netlist Writer Summary
  3. Simulation Settings
  4. Simulation Generated Files
  5. EDA Netlist Writer Messages



----------------
; Legal Notice ;
----------------
Copyright (C) 1991-2011 Altera Corporation
Your use of Altera Corporation's design tools, logic functions 
and other software and tools, and its AMPP partner logic 
functions, and any output files from any of the foregoing 
(including device programming or simulation files), and any 
associated documentation or information are expressly subject 
to the terms and conditions of the Altera Program License 
Subscription Agreement, Altera MegaCore Function License 
Agreement, or other applicable license agreement, including, 
without limitation, that your use is for the sole purpose of 
programming logic devices manufactured by Altera and sold by 
Altera or its authorized distributors.  Please refer to the 
applicable agreement for further details.



+-------------------------------------------------------------------+
; EDA Netlist Writer Summary                                        ;
+---------------------------+---------------------------------------+
; EDA Netlist Writer Status ; Successful - Mon Sep 03 18:22:17 2012 ;
; Revision Name             ; keyscan                               ;
; Top-level Entity Name     ; keyscan                               ;
; Family                    ; Cyclone IV E                          ;
; Simulation Files Creation ; Successful                            ;
+---------------------------+---------------------------------------+


+-------------------------------------------------------------------------------------------------------------------------------+
; Simulation Settings                                                                                                           ;
+---------------------------------------------------------------------------------------------------+---------------------------+
; Option                                                                                            ; Setting                   ;
+---------------------------------------------------------------------------------------------------+---------------------------+
; Tool Name                                                                                         ; ModelSim-Altera (Verilog) ;
; Generate netlist for functional simulation only                                                   ; Off                       ;
; Time scale                                                                                        ; 10 ns                     ;
; Truncate long hierarchy paths                                                                     ; Off                       ;
; Map illegal HDL characters                                                                        ; Off                       ;
; Flatten buses into individual nodes                                                               ; Off                       ;
; Maintain hierarchy                                                                                ; Off                       ;
; Bring out device-wide set/reset signals as ports                                                  ; Off                       ;
; Enable glitch filtering                                                                           ; Off                       ;
; Do not write top level VHDL entity                                                                ; Off                       ;
; Disable detection of setup and hold time violations in the input registers of bi-directional pins ; Off                       ;
; Architecture name in VHDL output netlist                                                          ; structure                 ;
; Generate third-party EDA tool command script for RTL functional simulation                        ; Off                       ;
; Generate third-party EDA tool command script for gate-level simulation                            ; Off                       ;
+---------------------------------------------------------------------------------------------------+---------------------------+


+-------------------------------------------------------------------------------------------+
; Simulation Generated Files                                                                ;
+-------------------------------------------------------------------------------------------+
; Generated Files                                                                           ;
+-------------------------------------------------------------------------------------------+
; E:/Program/EP4CE6/verilog/4x4 Keypad/simulation/modelsim/keyscan_8_1200mv_85c_slow.vo     ;
; E:/Program/EP4CE6/verilog/4x4 Keypad/simulation/modelsim/keyscan_8_1200mv_0c_slow.vo      ;
; E:/Program/EP4CE6/verilog/4x4 Keypad/simulation/modelsim/keyscan_min_1200mv_0c_fast.vo    ;
; E:/Program/EP4CE6/verilog/4x4 Keypad/simulation/modelsim/keyscan.vo                       ;
; E:/Program/EP4CE6/verilog/4x4 Keypad/simulation/modelsim/keyscan_8_1200mv_85c_v_slow.sdo  ;
; E:/Program/EP4CE6/verilog/4x4 Keypad/simulation/modelsim/keyscan_8_1200mv_0c_v_slow.sdo   ;
; E:/Program/EP4CE6/verilog/4x4 Keypad/simulation/modelsim/keyscan_min_1200mv_0c_v_fast.sdo ;
; E:/Program/EP4CE6/verilog/4x4 Keypad/simulation/modelsim/keyscan_v.sdo                    ;
+-------------------------------------------------------------------------------------------+


+-----------------------------+
; EDA Netlist Writer Messages ;
+-----------------------------+
Info: *******************************************************************
Info: Running Quartus II EDA Netlist Writer
    Info: Version 11.0 Build 157 04/27/2011 SJ Full Version
    Info: Processing started: Mon Sep 03 18:22:16 2012
Info: Command: quartus_eda --read_settings_files=off --write_settings_files=off keyscan -c keyscan
Info: Generated simulation netlist will be non-hierarchical because the design has SignalTap II partitions, termination control logic and/or a design partition that contains bidirectional ports
Warning: An incorrect timescale is selected for the Verilog Output (.VO) file of this PLL design. It's required that the timescale should be 1 ps when simulating a PLL design in a third party EDA tool.
Info: Generated file keyscan_8_1200mv_85c_slow.vo in folder "E:/Program/EP4CE6/verilog/4x4 Keypad/simulation/modelsim/" for EDA simulation tool
Warning: An incorrect timescale is selected for the Verilog Output (.VO) file of this PLL design. It's required that the timescale should be 1 ps when simulating a PLL design in a third party EDA tool.
Info: Generated file keyscan_8_1200mv_0c_slow.vo in folder "E:/Program/EP4CE6/verilog/4x4 Keypad/simulation/modelsim/" for EDA simulation tool
Warning: An incorrect timescale is selected for the Verilog Output (.VO) file of this PLL design. It's required that the timescale should be 1 ps when simulating a PLL design in a third party EDA tool.
Info: Generated file keyscan_min_1200mv_0c_fast.vo in folder "E:/Program/EP4CE6/verilog/4x4 Keypad/simulation/modelsim/" for EDA simulation tool
Warning: An incorrect timescale is selected for the Verilog Output (.VO) file of this PLL design. It's required that the timescale should be 1 ps when simulating a PLL design in a third party EDA tool.
Info: Generated file keyscan.vo in folder "E:/Program/EP4CE6/verilog/4x4 Keypad/simulation/modelsim/" for EDA simulation tool
Info: Generated file keyscan_8_1200mv_85c_v_slow.sdo in folder "E:/Program/EP4CE6/verilog/4x4 Keypad/simulation/modelsim/" for EDA simulation tool
Info: Generated file keyscan_8_1200mv_0c_v_slow.sdo in folder "E:/Program/EP4CE6/verilog/4x4 Keypad/simulation/modelsim/" for EDA simulation tool
Info: Generated file keyscan_min_1200mv_0c_v_fast.sdo in folder "E:/Program/EP4CE6/verilog/4x4 Keypad/simulation/modelsim/" for EDA simulation tool
Info: Generated file keyscan_v.sdo in folder "E:/Program/EP4CE6/verilog/4x4 Keypad/simulation/modelsim/" for EDA simulation tool
Info: Quartus II EDA Netlist Writer was successful. 0 errors, 4 warnings
    Info: Peak virtual memory: 197 megabytes
    Info: Processing ended: Mon Sep 03 18:22:17 2012
    Info: Elapsed time: 00:00:01
    Info: Total CPU time (on all processors): 00:00:01


