Analysis & Synthesis report for ps2_top
Tue Sep 04 11:23:28 2012
Quartus II Version 11.0 Build 157 04/27/2011 SJ Full Version


---------------------
; Table of Contents ;
---------------------
  1. Legal Notice
  2. Analysis & Synthesis Summary
  3. Analysis & Synthesis Settings
  4. Parallel Compilation
  5. Analysis & Synthesis Source Files Read
  6. Analysis & Synthesis Resource Usage Summary
  7. Analysis & Synthesis Resource Utilization by Entity
  8. State Machine - |ps2_top|ps2:U2|state
  9. State Machine - |ps2_top|lcd:U1|CS
 10. Registers Removed During Synthesis
 11. Removed Registers Triggering Further Register Optimizations
 12. General Register Statistics
 13. Inverted Register Statistics
 14. Multiplexer Restructuring Statistics (Restructuring Performed)
 15. Parameter Settings for User Entity Instance: lcd:U1
 16. Parameter Settings for User Entity Instance: ps2:U2
 17. Port Connectivity Checks: "ps2:U2"
 18. Elapsed Time Per Partition
 19. Analysis & Synthesis Messages
 20. Analysis & Synthesis Suppressed Messages



----------------
; Legal Notice ;
----------------
Copyright (C) 1991-2011 Altera Corporation
Your use of Altera Corporation's design tools, logic functions 
and other software and tools, and its AMPP partner logic 
functions, and any output files from any of the foregoing 
(including device programming or simulation files), and any 
associated documentation or information are expressly subject 
to the terms and conditions of the Altera Program License 
Subscription Agreement, Altera MegaCore Function License 
Agreement, or other applicable license agreement, including, 
without limitation, that your use is for the sole purpose of 
programming logic devices manufactured by Altera and sold by 
Altera or its authorized distributors.  Please refer to the 
applicable agreement for further details.



+--------------------------------------------------------------------------------+
; Analysis & Synthesis Summary                                                   ;
+------------------------------------+-------------------------------------------+
; Analysis & Synthesis Status        ; Successful - Tue Sep 04 11:23:28 2012     ;
; Quartus II Version                 ; 11.0 Build 157 04/27/2011 SJ Full Version ;
; Revision Name                      ; ps2_top                                   ;
; Top-level Entity Name              ; ps2_top                                   ;
; Family                             ; Cyclone IV E                              ;
; Total logic elements               ; 724                                       ;
;     Total combinational functions  ; 515                                       ;
;     Dedicated logic registers      ; 324                                       ;
; Total registers                    ; 324                                       ;
; Total pins                         ; 34                                        ;
; Total virtual pins                 ; 0                                         ;
; Total memory bits                  ; 0                                         ;
; Embedded Multiplier 9-bit elements ; 0                                         ;
; Total PLLs                         ; 0                                         ;
+------------------------------------+-------------------------------------------+


+----------------------------------------------------------------------------------------------------------------------+
; Analysis & Synthesis Settings                                                                                        ;
+----------------------------------------------------------------------------+--------------------+--------------------+
; Option                                                                     ; Setting            ; Default Value      ;
+----------------------------------------------------------------------------+--------------------+--------------------+
; Device                                                                     ; EP4CE6E22C8        ;                    ;
; Top-level entity name                                                      ; ps2_top            ; ps2_top            ;
; Family name                                                                ; Cyclone IV E       ; Cyclone IV GX      ;
; Use smart compilation                                                      ; Off                ; Off                ;
; Enable parallel Assembler and TimeQuest Timing Analyzer during compilation ; On                 ; On                 ;
; Enable compact report table                                                ; Off                ; Off                ;
; Restructure Multiplexers                                                   ; Auto               ; Auto               ;
; Create Debugging Nodes for IP Cores                                        ; Off                ; Off                ;
; Preserve fewer node names                                                  ; On                 ; On                 ;
; Disable OpenCore Plus hardware evaluation                                  ; Off                ; Off                ;
; Verilog Version                                                            ; Verilog_2001       ; Verilog_2001       ;
; VHDL Version                                                               ; VHDL_1993          ; VHDL_1993          ;
; State Machine Processing                                                   ; Auto               ; Auto               ;
; Safe State Machine                                                         ; Off                ; Off                ;
; Extract Verilog State Machines                                             ; On                 ; On                 ;
; Extract VHDL State Machines                                                ; On                 ; On                 ;
; Ignore Verilog initial constructs                                          ; Off                ; Off                ;
; Iteration limit for constant Verilog loops                                 ; 5000               ; 5000               ;
; Iteration limit for non-constant Verilog loops                             ; 250                ; 250                ;
; Add Pass-Through Logic to Inferred RAMs                                    ; On                 ; On                 ;
; Parallel Synthesis                                                         ; On                 ; On                 ;
; DSP Block Balancing                                                        ; Auto               ; Auto               ;
; NOT Gate Push-Back                                                         ; On                 ; On                 ;
; Power-Up Don't Care                                                        ; On                 ; On                 ;
; Remove Redundant Logic Cells                                               ; Off                ; Off                ;
; Remove Duplicate Registers                                                 ; On                 ; On                 ;
; Ignore CARRY Buffers                                                       ; Off                ; Off                ;
; Ignore CASCADE Buffers                                                     ; Off                ; Off                ;
; Ignore GLOBAL Buffers                                                      ; Off                ; Off                ;
; Ignore ROW GLOBAL Buffers                                                  ; Off                ; Off                ;
; Ignore LCELL Buffers                                                       ; Off                ; Off                ;
; Ignore SOFT Buffers                                                        ; On                 ; On                 ;
; Limit AHDL Integers to 32 Bits                                             ; Off                ; Off                ;
; Optimization Technique                                                     ; Balanced           ; Balanced           ;
; Carry Chain Length                                                         ; 70                 ; 70                 ;
; Auto Carry Chains                                                          ; On                 ; On                 ;
; Auto Open-Drain Pins                                                       ; On                 ; On                 ;
; Perform WYSIWYG Primitive Resynthesis                                      ; Off                ; Off                ;
; Auto ROM Replacement                                                       ; On                 ; On                 ;
; Auto RAM Replacement                                                       ; On                 ; On                 ;
; Auto DSP Block Replacement                                                 ; On                 ; On                 ;
; Auto Shift Register Replacement                                            ; Auto               ; Auto               ;
; Allow Shift Register Merging across Hierarchies                            ; Auto               ; Auto               ;
; Auto Clock Enable Replacement                                              ; On                 ; On                 ;
; Strict RAM Replacement                                                     ; Off                ; Off                ;
; Allow Synchronous Control Signals                                          ; On                 ; On                 ;
; Force Use of Synchronous Clear Signals                                     ; Off                ; Off                ;
; Auto RAM Block Balancing                                                   ; On                 ; On                 ;
; Auto RAM to Logic Cell Conversion                                          ; Off                ; Off                ;
; Auto Resource Sharing                                                      ; Off                ; Off                ;
; Allow Any RAM Size For Recognition                                         ; Off                ; Off                ;
; Allow Any ROM Size For Recognition                                         ; Off                ; Off                ;
; Allow Any Shift Register Size For Recognition                              ; Off                ; Off                ;
; Use LogicLock Constraints during Resource Balancing                        ; On                 ; On                 ;
; Ignore translate_off and synthesis_off directives                          ; Off                ; Off                ;
; Timing-Driven Synthesis                                                    ; On                 ; On                 ;
; Report Parameter Settings                                                  ; On                 ; On                 ;
; Report Source Assignments                                                  ; On                 ; On                 ;
; Report Connectivity Checks                                                 ; On                 ; On                 ;
; Ignore Maximum Fan-Out Assignments                                         ; Off                ; Off                ;
; Synchronization Register Chain Length                                      ; 2                  ; 2                  ;
; PowerPlay Power Optimization                                               ; Normal compilation ; Normal compilation ;
; HDL message level                                                          ; Level2             ; Level2             ;
; Suppress Register Optimization Related Messages                            ; Off                ; Off                ;
; Number of Removed Registers Reported in Synthesis Report                   ; 5000               ; 5000               ;
; Number of Inverted Registers Reported in Synthesis Report                  ; 100                ; 100                ;
; Clock MUX Protection                                                       ; On                 ; On                 ;
; Auto Gated Clock Conversion                                                ; Off                ; Off                ;
; Block Design Naming                                                        ; Auto               ; Auto               ;
; SDC constraint protection                                                  ; Off                ; Off                ;
; Synthesis Effort                                                           ; Auto               ; Auto               ;
; Shift Register Replacement - Allow Asynchronous Clear Signal               ; On                 ; On                 ;
; Analysis & Synthesis Message Level                                         ; Medium             ; Medium             ;
; Disable Register Merging Across Hierarchies                                ; Auto               ; Auto               ;
; Resource Aware Inference For Block RAM                                     ; On                 ; On                 ;
; Synthesis Seed                                                             ; 1                  ; 1                  ;
+----------------------------------------------------------------------------+--------------------+--------------------+


+------------------------------------------+
; Parallel Compilation                     ;
+----------------------------+-------------+
; Processors                 ; Number      ;
+----------------------------+-------------+
; Number detected on machine ; 2           ;
; Maximum allowed            ; 2           ;
;                            ;             ;
; Average used               ; 1.00        ;
; Maximum used               ; 1           ;
;                            ;             ;
; Usage by Processor         ; % Time Used ;
;     1 processor            ; 100.0%      ;
;     2 processors           ;   0.0%      ;
+----------------------------+-------------+


+-----------------------------------------------------------------------------------------------------------------------+
; Analysis & Synthesis Source Files Read                                                                                ;
+----------------------------------+-----------------+------------------------+-----------------------------------------+
; File Name with User-Entered Path ; Used in Netlist ; File Type              ; File Name with Absolute Path            ;
+----------------------------------+-----------------+------------------------+-----------------------------------------+
; ps2_top.v                        ; yes             ; User Verilog HDL File  ; E:/Program/EP4CE6/verilog/PS2/ps2_top.v ;
; ps2.v                            ; yes             ; User Verilog HDL File  ; E:/Program/EP4CE6/verilog/PS2/ps2.v     ;
; lcd.v                            ; yes             ; User Verilog HDL File  ; E:/Program/EP4CE6/verilog/PS2/lcd.v     ;
+----------------------------------+-----------------+------------------------+-----------------------------------------+


+--------------------------------------------------------------+
; Analysis & Synthesis Resource Usage Summary                  ;
+---------------------------------------------+----------------+
; Resource                                    ; Usage          ;
+---------------------------------------------+----------------+
; Estimated Total logic elements              ; 724            ;
;                                             ;                ;
; Total combinational functions               ; 515            ;
; Logic element usage by number of LUT inputs ;                ;
;     -- 4 input functions                    ; 369            ;
;     -- 3 input functions                    ; 52             ;
;     -- <=2 input functions                  ; 94             ;
;                                             ;                ;
; Logic elements by mode                      ;                ;
;     -- normal mode                          ; 478            ;
;     -- arithmetic mode                      ; 37             ;
;                                             ;                ;
; Total registers                             ; 324            ;
;     -- Dedicated logic registers            ; 324            ;
;     -- I/O registers                        ; 0              ;
;                                             ;                ;
; I/O pins                                    ; 34             ;
; Maximum fan-out node                        ; lcd:U1|clk48hz ;
; Maximum fan-out                             ; 210            ;
; Total fan-out                               ; 2886           ;
; Average fan-out                             ; 3.17           ;
+---------------------------------------------+----------------+


+-----------------------------------------------------------------------------------------------------------------------------------------------------------------------------+
; Analysis & Synthesis Resource Utilization by Entity                                                                                                                         ;
+----------------------------+-------------------+--------------+-------------+--------------+---------+-----------+------+--------------+---------------------+--------------+
; Compilation Hierarchy Node ; LC Combinationals ; LC Registers ; Memory Bits ; DSP Elements ; DSP 9x9 ; DSP 18x18 ; Pins ; Virtual Pins ; Full Hierarchy Name ; Library Name ;
+----------------------------+-------------------+--------------+-------------+--------------+---------+-----------+------+--------------+---------------------+--------------+
; |ps2_top                   ; 515 (0)           ; 324 (0)      ; 0           ; 0            ; 0       ; 0         ; 34   ; 0            ; |ps2_top            ;              ;
;    |lcd:U1|                ; 471 (471)         ; 270 (270)    ; 0           ; 0            ; 0       ; 0         ; 0    ; 0            ; |ps2_top|lcd:U1     ;              ;
;    |ps2:U2|                ; 44 (44)           ; 54 (54)      ; 0           ; 0            ; 0       ; 0         ; 0    ; 0            ; |ps2_top|ps2:U2     ;              ;
+----------------------------+-------------------+--------------+-------------+--------------+---------+-----------+------+--------------+---------------------+--------------+
Note: For table entries with two numbers listed, the numbers in parentheses indicate the number of resources of the given type used by the specific entity alone. The numbers listed outside of parentheses indicate the total resources of the given type used by the specific entity and all of its sub-entities in the hierarchy.


Encoding Type:  One-Hot
+------------------------------------------------------------------------------------------------------------------+
; State Machine - |ps2_top|ps2:U2|state                                                                            ;
+-------------------+------------+-------------+-----------+----------+-------------------+-----------+------------+
; Name              ; state.WAIT ; state.CHECK ; state.ACK ; state.TX ; state.FORCE_CLK_L ; state.REV ; state.IDLE ;
+-------------------+------------+-------------+-----------+----------+-------------------+-----------+------------+
; state.IDLE        ; 0          ; 0           ; 0         ; 0        ; 0                 ; 0         ; 0          ;
; state.REV         ; 0          ; 0           ; 0         ; 0        ; 0                 ; 1         ; 1          ;
; state.FORCE_CLK_L ; 0          ; 0           ; 0         ; 0        ; 1                 ; 0         ; 1          ;
; state.TX          ; 0          ; 0           ; 0         ; 1        ; 0                 ; 0         ; 1          ;
; state.ACK         ; 0          ; 0           ; 1         ; 0        ; 0                 ; 0         ; 1          ;
; state.CHECK       ; 0          ; 1           ; 0         ; 0        ; 0                 ; 0         ; 1          ;
; state.WAIT        ; 1          ; 0           ; 0         ; 0        ; 0                 ; 0         ; 1          ;
+-------------------+------------+-------------+-----------+----------+-------------------+-----------+------------+


Encoding Type:  One-Hot
+---------------------------------------------------------------------------------------------------------------------------------------+
; State Machine - |ps2_top|lcd:U1|CS                                                                                                    ;
+------------------+-----------+---------------+---------------+----------------+-----------+-------------+------------------+----------+
; Name             ; CS.DDRAM2 ; CS.DATAWRITE2 ; CS.DATAWRITE1 ; CS.FUNCTIONSET ; CS.DDRAM1 ; CS.INPUTSET ; CS.DISPLAYSWITCH ; CS.CLEAR ;
+------------------+-----------+---------------+---------------+----------------+-----------+-------------+------------------+----------+
; CS.CLEAR         ; 0         ; 0             ; 0             ; 0              ; 0         ; 0           ; 0                ; 0        ;
; CS.DISPLAYSWITCH ; 0         ; 0             ; 0             ; 0              ; 0         ; 0           ; 1                ; 1        ;
; CS.INPUTSET      ; 0         ; 0             ; 0             ; 0              ; 0         ; 1           ; 0                ; 1        ;
; CS.DDRAM1        ; 0         ; 0             ; 0             ; 0              ; 1         ; 0           ; 0                ; 1        ;
; CS.FUNCTIONSET   ; 0         ; 0             ; 0             ; 1              ; 0         ; 0           ; 0                ; 1        ;
; CS.DATAWRITE1    ; 0         ; 0             ; 1             ; 0              ; 0         ; 0           ; 0                ; 1        ;
; CS.DATAWRITE2    ; 0         ; 1             ; 0             ; 0              ; 0         ; 0           ; 0                ; 1        ;
; CS.DDRAM2        ; 1         ; 0             ; 0             ; 0              ; 0         ; 0           ; 0                ; 1        ;
+------------------+-----------+---------------+---------------+----------------+-----------+-------------+------------------+----------+


+--------------------------------------------------------------------------------------+
; Registers Removed During Synthesis                                                   ;
+----------------------------------------+---------------------------------------------+
; Register name                          ; Reason for Removal                          ;
+----------------------------------------+---------------------------------------------+
; ps2:U2|state~10                        ; Lost fanout                                 ;
; ps2:U2|state~11                        ; Lost fanout                                 ;
; ps2:U2|state~12                        ; Lost fanout                                 ;
; lcd:U1|CS~12                           ; Lost fanout                                 ;
; lcd:U1|CS~13                           ; Lost fanout                                 ;
; lcd:U1|CS~14                           ; Lost fanout                                 ;
; lcd:U1|CS~15                           ; Lost fanout                                 ;
; ps2:U2|state.FORCE_CLK_L               ; Stuck at GND due to stuck port data_in      ;
; ps2:U2|ps2_clk_link                    ; Stuck at GND due to stuck port data_in      ;
; ps2:U2|time_120us_en                   ; Stuck at GND due to stuck port data_in      ;
; ps2:U2|time_120us_cnt[0..12]           ; Stuck at GND due to stuck port data_in      ;
; ps2:U2|time_100us_cnt[0..12]           ; Stuck at GND due to stuck port data_in      ;
; ps2:U2|state.TX                        ; Stuck at GND due to stuck port data_in      ;
; ps2:U2|time_5us_en                     ; Stuck at GND due to stuck port clock_enable ;
; ps2:U2|time_5us_cnt[0..7]              ; Stuck at GND due to stuck port data_in      ;
; ps2:U2|ps2_data_link                   ; Stuck at GND due to stuck port data_in      ;
; ps2:U2|send_data[0..9]                 ; Stuck at GND due to stuck port data_in      ;
; Total Number of Removed Registers = 57 ;                                             ;
+----------------------------------------+---------------------------------------------+


+---------------------------------------------------------------------------------------------------------------------------------------------+
; Removed Registers Triggering Further Register Optimizations                                                                                 ;
+--------------------------+---------------------------+--------------------------------------------------------------------------------------+
; Register name            ; Reason for Removal        ; Registers Removed due to This Register                                               ;
+--------------------------+---------------------------+--------------------------------------------------------------------------------------+
; ps2:U2|state.TX          ; Stuck at GND              ; ps2:U2|time_5us_en, ps2:U2|send_data[0], ps2:U2|send_data[1], ps2:U2|send_data[2],   ;
;                          ; due to stuck port data_in ; ps2:U2|send_data[3], ps2:U2|send_data[4], ps2:U2|send_data[5], ps2:U2|send_data[6],  ;
;                          ;                           ; ps2:U2|send_data[7]                                                                  ;
; ps2:U2|state.FORCE_CLK_L ; Stuck at GND              ; ps2:U2|time_120us_en, ps2:U2|ps2_data_link, ps2:U2|send_data[8], ps2:U2|send_data[9] ;
;                          ; due to stuck port data_in ;                                                                                      ;
+--------------------------+---------------------------+--------------------------------------------------------------------------------------+


+------------------------------------------------------+
; General Register Statistics                          ;
+----------------------------------------------+-------+
; Statistic                                    ; Value ;
+----------------------------------------------+-------+
; Total registers                              ; 324   ;
; Number of registers using Synchronous Clear  ; 0     ;
; Number of registers using Synchronous Load   ; 0     ;
; Number of registers using Asynchronous Clear ; 107   ;
; Number of registers using Asynchronous Load  ; 0     ;
; Number of registers using Clock Enable       ; 258   ;
; Number of registers using Preset             ; 0     ;
+----------------------------------------------+-------+


+--------------------------------------------------+
; Inverted Register Statistics                     ;
+----------------------------------------+---------+
; Inverted Register                      ; Fan out ;
+----------------------------------------+---------+
; lcd:U1|flag                            ; 24      ;
; ps2:U2|ps2_clk_r2                      ; 6       ;
; ps2:U2|ps2_clk_r3                      ; 5       ;
; lcd:U1|speed_r                         ; 1       ;
; ps2:U2|ps2_clk_r1                      ; 1       ;
; ps2:U2|ack                             ; 6       ;
; Total number of inverted registers = 6 ;         ;
+----------------------------------------+---------+


+------------------------------------------------------------------------------------------------------------------------------------------------------------------+
; Multiplexer Restructuring Statistics (Restructuring Performed)                                                                                                   ;
+--------------------+-----------+---------------+----------------------+------------------------+------------------------------------+----------------------------+
; Multiplexer Inputs ; Bus Width ; Baseline Area ; Area if Restructured ; Saving if Restructured ; Registered                         ; Example Multiplexer Output ;
+--------------------+-----------+---------------+----------------------+------------------------+------------------------------------+----------------------------+
; 3:1                ; 5 bits    ; 10 LEs        ; 0 LEs                ; 10 LEs                 ; |ps2_top|lcd:U1|keynum[4]          ;                            ;
; 3:1                ; 13 bits   ; 26 LEs        ; 13 LEs               ; 13 LEs                 ; |ps2_top|ps2:U2|time_120us_cnt[12] ;                            ;
; 3:1                ; 8 bits    ; 16 LEs        ; 8 LEs                ; 8 LEs                  ; |ps2_top|ps2:U2|time_5us_cnt[3]    ;                            ;
; 3:1                ; 13 bits   ; 26 LEs        ; 13 LEs               ; 13 LEs                 ; |ps2_top|ps2:U2|time_100us_cnt[5]  ;                            ;
; 33:1               ; 8 bits    ; 176 LEs       ; 8 LEs                ; 168 LEs                ; |ps2_top|lcd:U1|keycode_2[7]       ;                            ;
; 33:1               ; 8 bits    ; 176 LEs       ; 8 LEs                ; 168 LEs                ; |ps2_top|lcd:U1|keycode_3[1]       ;                            ;
; 33:1               ; 8 bits    ; 176 LEs       ; 8 LEs                ; 168 LEs                ; |ps2_top|lcd:U1|keycode_4[7]       ;                            ;
; 33:1               ; 8 bits    ; 176 LEs       ; 8 LEs                ; 168 LEs                ; |ps2_top|lcd:U1|keycode_5[7]       ;                            ;
; 33:1               ; 8 bits    ; 176 LEs       ; 8 LEs                ; 168 LEs                ; |ps2_top|lcd:U1|keycode_6[7]       ;                            ;
; 33:1               ; 8 bits    ; 176 LEs       ; 8 LEs                ; 168 LEs                ; |ps2_top|lcd:U1|keycode_7[7]       ;                            ;
; 33:1               ; 8 bits    ; 176 LEs       ; 8 LEs                ; 168 LEs                ; |ps2_top|lcd:U1|keycode_8[5]       ;                            ;
; 33:1               ; 8 bits    ; 176 LEs       ; 8 LEs                ; 168 LEs                ; |ps2_top|lcd:U1|keycode_9[3]       ;                            ;
; 33:1               ; 8 bits    ; 176 LEs       ; 8 LEs                ; 168 LEs                ; |ps2_top|lcd:U1|keycode_10[7]      ;                            ;
; 33:1               ; 8 bits    ; 176 LEs       ; 8 LEs                ; 168 LEs                ; |ps2_top|lcd:U1|keycode_11[3]      ;                            ;
; 33:1               ; 8 bits    ; 176 LEs       ; 8 LEs                ; 168 LEs                ; |ps2_top|lcd:U1|keycode_12[0]      ;                            ;
; 33:1               ; 8 bits    ; 176 LEs       ; 8 LEs                ; 168 LEs                ; |ps2_top|lcd:U1|keycode_13[1]      ;                            ;
; 33:1               ; 8 bits    ; 176 LEs       ; 8 LEs                ; 168 LEs                ; |ps2_top|lcd:U1|keycode_14[2]      ;                            ;
; 33:1               ; 8 bits    ; 176 LEs       ; 8 LEs                ; 168 LEs                ; |ps2_top|lcd:U1|keycode_15[2]      ;                            ;
; 33:1               ; 8 bits    ; 176 LEs       ; 8 LEs                ; 168 LEs                ; |ps2_top|lcd:U1|keycode_16[5]      ;                            ;
; 33:1               ; 8 bits    ; 176 LEs       ; 8 LEs                ; 168 LEs                ; |ps2_top|lcd:U1|keycode_17[5]      ;                            ;
; 33:1               ; 8 bits    ; 176 LEs       ; 8 LEs                ; 168 LEs                ; |ps2_top|lcd:U1|keycode_18[3]      ;                            ;
; 33:1               ; 8 bits    ; 176 LEs       ; 8 LEs                ; 168 LEs                ; |ps2_top|lcd:U1|keycode_19[7]      ;                            ;
; 33:1               ; 8 bits    ; 176 LEs       ; 8 LEs                ; 168 LEs                ; |ps2_top|lcd:U1|keycode_20[7]      ;                            ;
; 33:1               ; 8 bits    ; 176 LEs       ; 8 LEs                ; 168 LEs                ; |ps2_top|lcd:U1|keycode_21[4]      ;                            ;
; 33:1               ; 8 bits    ; 176 LEs       ; 8 LEs                ; 168 LEs                ; |ps2_top|lcd:U1|keycode_22[1]      ;                            ;
; 33:1               ; 8 bits    ; 176 LEs       ; 8 LEs                ; 168 LEs                ; |ps2_top|lcd:U1|keycode_23[7]      ;                            ;
; 33:1               ; 8 bits    ; 176 LEs       ; 8 LEs                ; 168 LEs                ; |ps2_top|lcd:U1|keycode_24[3]      ;                            ;
; 33:1               ; 8 bits    ; 176 LEs       ; 8 LEs                ; 168 LEs                ; |ps2_top|lcd:U1|keycode_25[0]      ;                            ;
; 33:1               ; 8 bits    ; 176 LEs       ; 8 LEs                ; 168 LEs                ; |ps2_top|lcd:U1|keycode_26[5]      ;                            ;
; 33:1               ; 8 bits    ; 176 LEs       ; 8 LEs                ; 168 LEs                ; |ps2_top|lcd:U1|keycode_1[6]       ;                            ;
; 6:1                ; 5 bits    ; 20 LEs        ; 5 LEs                ; 15 LEs                 ; |ps2_top|lcd:U1|address[0]         ;                            ;
; 10:1               ; 4 bits    ; 24 LEs        ; 4 LEs                ; 20 LEs                 ; |ps2_top|ps2:U2|num[1]             ;                            ;
; 36:1               ; 2 bits    ; 48 LEs        ; 36 LEs               ; 12 LEs                 ; |ps2_top|lcd:U1|data[4]            ;                            ;
; 3:1                ; 8 bits    ; 16 LEs        ; 8 LEs                ; 8 LEs                  ; |ps2_top|ps2:U2|send_data          ;                            ;
; 3:1                ; 6 bits    ; 12 LEs        ; 12 LEs               ; 0 LEs                  ; |ps2_top|lcd:U1|CS                 ;                            ;
; 15:1               ; 3 bits    ; 30 LEs        ; 12 LEs               ; 18 LEs                 ; |ps2_top|ps2:U2|Selector10         ;                            ;
+--------------------+-----------+---------------+----------------------+------------------------+------------------------------------+----------------------------+


+-----------------------------------------------------+
; Parameter Settings for User Entity Instance: lcd:U1 ;
+----------------+----------+-------------------------+
; Parameter Name ; Value    ; Type                    ;
+----------------+----------+-------------------------+
; CLEAR          ; 0000     ; Unsigned Binary         ;
; INPUTSET       ; 0011     ; Unsigned Binary         ;
; DISPLAYSWITCH  ; 0010     ; Unsigned Binary         ;
; FUNCTIONSET    ; 0110     ; Unsigned Binary         ;
; DDRAM1         ; 0100     ; Unsigned Binary         ;
; DDRAM2         ; 1100     ; Unsigned Binary         ;
; DATAWRITE1     ; 1000     ; Unsigned Binary         ;
; DATAWRITE2     ; 1001     ; Unsigned Binary         ;
; SPACE          ; 00100000 ; Unsigned Binary         ;
; DELETE         ; 01100110 ; Unsigned Binary         ;
+----------------+----------+-------------------------+
Note: In order to hide this table in the UI and the text report file, please set the "Show Parameter Settings in Synthesis Report" option in "Analysis and Synthesis Settings -> More Settings" to "Off".


+-----------------------------------------------------+
; Parameter Settings for User Entity Instance: ps2:U2 ;
+----------------+---------------+--------------------+
; Parameter Name ; Value         ; Type               ;
+----------------+---------------+--------------------+
; RIGHT_SHIFT    ; 01011001      ; Unsigned Binary    ;
; LEFT_SHIFT     ; 00010010      ; Unsigned Binary    ;
; CAPS           ; 01011000      ; Unsigned Binary    ;
; TIME_120US     ; 1011010000000 ; Unsigned Binary    ;
; TIME_100US     ; 1001011000000 ; Unsigned Binary    ;
; TIME_5US       ; 11110000      ; Unsigned Binary    ;
; IDLE           ; 000           ; Unsigned Binary    ;
; REV            ; 001           ; Unsigned Binary    ;
; FORCE_CLK_L    ; 010           ; Unsigned Binary    ;
; TX             ; 011           ; Unsigned Binary    ;
; ACK            ; 100           ; Unsigned Binary    ;
; CHECK          ; 101           ; Unsigned Binary    ;
; WAIT           ; 110           ; Unsigned Binary    ;
+----------------+---------------+--------------------+
Note: In order to hide this table in the UI and the text report file, please set the "Show Parameter Settings in Synthesis Report" option in "Analysis and Synthesis Settings -> More Settings" to "Off".


+---------------------------------------------------------+
; Port Connectivity Checks: "ps2:U2"                      ;
+------------+--------+----------+------------------------+
; Port       ; Type   ; Severity ; Details                ;
+------------+--------+----------+------------------------+
; write      ; Input  ; Info     ; Stuck at GND           ;
; error      ; Output ; Info     ; Explicitly unconnected ;
; write_data ; Input  ; Info     ; Stuck at GND           ;
+------------+--------+----------+------------------------+


+-------------------------------+
; Elapsed Time Per Partition    ;
+----------------+--------------+
; Partition Name ; Elapsed Time ;
+----------------+--------------+
; Top            ; 00:00:05     ;
+----------------+--------------+


+-------------------------------+
; Analysis & Synthesis Messages ;
+-------------------------------+
Info: *******************************************************************
Info: Running Quartus II Analysis & Synthesis
    Info: Version 11.0 Build 157 04/27/2011 SJ Full Version
    Info: Processing started: Tue Sep 04 11:23:22 2012
Info: Command: quartus_map --read_settings_files=on --write_settings_files=off ps2_top -c ps2_top
Info: Parallel compilation is enabled and will use 2 of the 2 processors detected
Info: Found 1 design units, including 1 entities, in source file ps2_write_tb.v
    Info: Found entity 1: ps2_write_tb
Info: Found 1 design units, including 1 entities, in source file ps2_top.v
    Info: Found entity 1: ps2_top
Info: Found 1 design units, including 1 entities, in source file ps2.v
    Info: Found entity 1: ps2
Warning (10229): Verilog HDL Expression warning at lcd.v(450): truncated literal to match 18 bits
Info: Found 1 design units, including 1 entities, in source file lcd.v
    Info: Found entity 1: lcd
Info: Elaborating entity "ps2_top" for the top level hierarchy
Info: Elaborating entity "lcd" for hierarchy "lcd:U1"
Info: Elaborating entity "ps2" for hierarchy "ps2:U2"
Warning (10036): Verilog HDL or VHDL warning at ps2.v(47): object "data3" assigned a value but never read
Warning (10036): Verilog HDL or VHDL warning at ps2.v(305): object "key" assigned a value but never read
Info: Registers with preset signals will power-up high
Info: DEV_CLRn pin will set, and not reset, register with preset signal due to NOT Gate Push-Back
Warning: Output pins are stuck at VCC or GND
    Warning (13410): Pin "rw" is stuck at GND
    Warning (13410): Pin "low" is stuck at GND
    Warning (13410): Pin "LCD_N" is stuck at GND
    Warning (13410): Pin "LCD_P" is stuck at VCC
    Warning (13410): Pin "vled[0]" is stuck at VCC
    Warning (13410): Pin "vled[1]" is stuck at VCC
    Warning (13410): Pin "vled[2]" is stuck at VCC
    Warning (13410): Pin "vled[3]" is stuck at VCC
Info: Timing-Driven Synthesis is running
Info: 7 registers lost all their fanouts during netlist optimizations. The first 7 are displayed below.
    Info: Register "ps2:U2|state~10" lost all its fanouts during netlist optimizations.
    Info: Register "ps2:U2|state~11" lost all its fanouts during netlist optimizations.
    Info: Register "ps2:U2|state~12" lost all its fanouts during netlist optimizations.
    Info: Register "lcd:U1|CS~12" lost all its fanouts during netlist optimizations.
    Info: Register "lcd:U1|CS~13" lost all its fanouts during netlist optimizations.
    Info: Register "lcd:U1|CS~14" lost all its fanouts during netlist optimizations.
    Info: Register "lcd:U1|CS~15" lost all its fanouts during netlist optimizations.
Info: Generated suppressed messages file E:/Program/EP4CE6/verilog/PS2/ps2_top.map.smsg
Info: Generating hard_block partition "hard_block:auto_generated_inst"
Info: Implemented 791 device resources after synthesis - the final resource count might be different
    Info: Implemented 2 input pins
    Info: Implemented 30 output pins
    Info: Implemented 2 bidirectional pins
    Info: Implemented 757 logic cells
Info: Quartus II Analysis & Synthesis was successful. 0 errors, 12 warnings
    Info: Peak virtual memory: 226 megabytes
    Info: Processing ended: Tue Sep 04 11:23:28 2012
    Info: Elapsed time: 00:00:06
    Info: Total CPU time (on all processors): 00:00:06


+------------------------------------------+
; Analysis & Synthesis Suppressed Messages ;
+------------------------------------------+
The suppressed messages can be found in E:/Program/EP4CE6/verilog/PS2/ps2_top.map.smsg.


