Flow report for ps2_top
Tue Sep 04 11:23:39 2012
Quartus II Version 11.0 Build 157 04/27/2011 SJ Full Version


---------------------
; Table of Contents ;
---------------------
  1. Legal Notice
  2. Flow Summary
  3. Flow Settings
  4. Flow Non-Default Global Settings
  5. Flow Elapsed Time
  6. Flow OS Summary
  7. Flow Log



----------------
; Legal Notice ;
----------------
Copyright (C) 1991-2011 Altera Corporation
Your use of Altera Corporation's design tools, logic functions 
and other software and tools, and its AMPP partner logic 
functions, and any output files from any of the foregoing 
(including device programming or simulation files), and any 
associated documentation or information are expressly subject 
to the terms and conditions of the Altera Program License 
Subscription Agreement, Altera MegaCore Function License 
Agreement, or other applicable license agreement, including, 
without limitation, that your use is for the sole purpose of 
programming logic devices manufactured by Altera and sold by 
Altera or its authorized distributors.  Please refer to the 
applicable agreement for further details.



+--------------------------------------------------------------------------------+
; Flow Summary                                                                   ;
+------------------------------------+-------------------------------------------+
; Flow Status                        ; Successful - Tue Sep 04 11:23:36 2012     ;
; Quartus II Version                 ; 11.0 Build 157 04/27/2011 SJ Full Version ;
; Revision Name                      ; ps2_top                                   ;
; Top-level Entity Name              ; ps2_top                                   ;
; Family                             ; Cyclone IV E                              ;
; Device                             ; EP4CE6E22C8                               ;
; Timing Models                      ; Final                                     ;
; Total logic elements               ; 607 / 6,272 ( 10 % )                      ;
;     Total combinational functions  ; 516 / 6,272 ( 8 % )                       ;
;     Dedicated logic registers      ; 324 / 6,272 ( 5 % )                       ;
; Total registers                    ; 324                                       ;
; Total pins                         ; 34 / 92 ( 37 % )                          ;
; Total virtual pins                 ; 0                                         ;
; Total memory bits                  ; 0 / 276,480 ( 0 % )                       ;
; Embedded Multiplier 9-bit elements ; 0 / 30 ( 0 % )                            ;
; Total PLLs                         ; 0 / 2 ( 0 % )                             ;
+------------------------------------+-------------------------------------------+


+-----------------------------------------+
; Flow Settings                           ;
+-------------------+---------------------+
; Option            ; Setting             ;
+-------------------+---------------------+
; Start date & time ; 09/04/2012 11:23:22 ;
; Main task         ; Compilation         ;
; Revision Name     ; ps2_top             ;
+-------------------+---------------------+


+------------------------------------------------------------------------------------------------------------------------------+
; Flow Non-Default Global Settings                                                                                             ;
+---------------------------------------+-------------------------------------------+---------------+-------------+------------+
; Assignment Name                       ; Value                                     ; Default Value ; Entity Name ; Section Id ;
+---------------------------------------+-------------------------------------------+---------------+-------------+------------+
; COMPILER_SIGNATURE_ID                 ; 154522815254864.134672900204644           ; --            ; --          ; --         ;
; MAX_CORE_JUNCTION_TEMP                ; 85                                        ; --            ; --          ; --         ;
; MIN_CORE_JUNCTION_TEMP                ; 0                                         ; --            ; --          ; --         ;
; MISC_FILE                             ; E:/Program/EP2C8Q/verilog/PS2/ps2_top.dpf ; --            ; --          ; --         ;
; OUTPUT_IO_TIMING_FAR_END_VMEAS        ; Half Signal Swing                         ; --            ; --          ; --         ;
; OUTPUT_IO_TIMING_FAR_END_VMEAS        ; Half Signal Swing                         ; --            ; --          ; --         ;
; OUTPUT_IO_TIMING_NEAR_END_VMEAS       ; Half Vccio                                ; --            ; --          ; --         ;
; OUTPUT_IO_TIMING_NEAR_END_VMEAS       ; Half Vccio                                ; --            ; --          ; --         ;
; PARTITION_COLOR                       ; 16764057                                  ; --            ; --          ; Top        ;
; PARTITION_FITTER_PRESERVATION_LEVEL   ; PLACEMENT_AND_ROUTING                     ; --            ; --          ; Top        ;
; PARTITION_NETLIST_TYPE                ; SOURCE                                    ; --            ; --          ; Top        ;
; POWER_EXT_SUPPLY_VOLTAGE_TO_REGULATOR ; 3.3V                                      ; --            ; --          ; --         ;
+---------------------------------------+-------------------------------------------+---------------+-------------+------------+


+-------------------------------------------------------------------------------------------------------------------------------+
; Flow Elapsed Time                                                                                                             ;
+---------------------------+--------------+-------------------------+---------------------+------------------------------------+
; Module Name               ; Elapsed Time ; Average Processors Used ; Peak Virtual Memory ; Total CPU Time (on all processors) ;
+---------------------------+--------------+-------------------------+---------------------+------------------------------------+
; Analysis & Synthesis      ; 00:00:06     ; 1.0                     ; 226 MB              ; 00:00:06                           ;
; Fitter                    ; 00:00:05     ; 1.3                     ; 323 MB              ; 00:00:05                           ;
; Assembler                 ; 00:00:01     ; 1.0                     ; 218 MB              ; 00:00:01                           ;
; TimeQuest Timing Analyzer ; 00:00:04     ; 1.0                     ; 249 MB              ; 00:00:04                           ;
; Total                     ; 00:00:16     ; --                      ; --                  ; 00:00:16                           ;
+---------------------------+--------------+-------------------------+---------------------+------------------------------------+


+-----------------------------------------------------------------------------------------+
; Flow OS Summary                                                                         ;
+---------------------------+------------------+------------+------------+----------------+
; Module Name               ; Machine Hostname ; OS Name    ; OS Version ; Processor type ;
+---------------------------+------------------+------------+------------+----------------+
; Analysis & Synthesis      ; PC--20120818EXH  ; Windows XP ; 5.1        ; i686           ;
; Fitter                    ; PC--20120818EXH  ; Windows XP ; 5.1        ; i686           ;
; Assembler                 ; PC--20120818EXH  ; Windows XP ; 5.1        ; i686           ;
; TimeQuest Timing Analyzer ; PC--20120818EXH  ; Windows XP ; 5.1        ; i686           ;
+---------------------------+------------------+------------+------------+----------------+


------------
; Flow Log ;
------------
quartus_map --read_settings_files=on --write_settings_files=off ps2_top -c ps2_top
quartus_fit --read_settings_files=off --write_settings_files=off ps2_top -c ps2_top
quartus_asm --read_settings_files=off --write_settings_files=off ps2_top -c ps2_top
quartus_sta ps2_top -c ps2_top



