Analysis & Synthesis report for i2c
Tue Sep 04 09:28:49 2012
Quartus II Version 11.0 Build 157 04/27/2011 SJ Full Version


---------------------
; Table of Contents ;
---------------------
  1. Legal Notice
  2. Analysis & Synthesis Summary
  3. Analysis & Synthesis Settings
  4. Parallel Compilation
  5. Analysis & Synthesis Source Files Read
  6. Analysis & Synthesis Resource Usage Summary
  7. Analysis & Synthesis Resource Utilization by Entity
  8. State Machine - |i2c|inner_state
  9. State Machine - |i2c|i2c_state
 10. State Machine - |i2c|main_state
 11. Registers Removed During Synthesis
 12. General Register Statistics
 13. Inverted Register Statistics
 14. Multiplexer Restructuring Statistics (Restructuring Performed)
 15. Parameter Settings for User Entity Instance: Top-level Entity: |i2c
 16. Elapsed Time Per Partition
 17. Analysis & Synthesis Messages



----------------
; Legal Notice ;
----------------
Copyright (C) 1991-2011 Altera Corporation
Your use of Altera Corporation's design tools, logic functions 
and other software and tools, and its AMPP partner logic 
functions, and any output files from any of the foregoing 
(including device programming or simulation files), and any 
associated documentation or information are expressly subject 
to the terms and conditions of the Altera Program License 
Subscription Agreement, Altera MegaCore Function License 
Agreement, or other applicable license agreement, including, 
without limitation, that your use is for the sole purpose of 
programming logic devices manufactured by Altera and sold by 
Altera or its authorized distributors.  Please refer to the 
applicable agreement for further details.



+--------------------------------------------------------------------------------+
; Analysis & Synthesis Summary                                                   ;
+------------------------------------+-------------------------------------------+
; Analysis & Synthesis Status        ; Successful - Tue Sep 04 09:28:49 2012     ;
; Quartus II Version                 ; 11.0 Build 157 04/27/2011 SJ Full Version ;
; Revision Name                      ; i2c                                       ;
; Top-level Entity Name              ; i2c                                       ;
; Family                             ; Cyclone IV E                              ;
; Total logic elements               ; 265                                       ;
;     Total combinational functions  ; 255                                       ;
;     Dedicated logic registers      ; 90                                        ;
; Total registers                    ; 90                                        ;
; Total pins                         ; 27                                        ;
; Total virtual pins                 ; 0                                         ;
; Total memory bits                  ; 0                                         ;
; Embedded Multiplier 9-bit elements ; 0                                         ;
; Total PLLs                         ; 0                                         ;
+------------------------------------+-------------------------------------------+


+----------------------------------------------------------------------------------------------------------------------+
; Analysis & Synthesis Settings                                                                                        ;
+----------------------------------------------------------------------------+--------------------+--------------------+
; Option                                                                     ; Setting            ; Default Value      ;
+----------------------------------------------------------------------------+--------------------+--------------------+
; Device                                                                     ; EP4CE6E22C8        ;                    ;
; Top-level entity name                                                      ; i2c                ; i2c                ;
; Family name                                                                ; Cyclone IV E       ; Stratix            ;
; Use smart compilation                                                      ; Off                ; Off                ;
; Enable parallel Assembler and TimeQuest Timing Analyzer during compilation ; On                 ; On                 ;
; Enable compact report table                                                ; Off                ; Off                ;
; Restructure Multiplexers                                                   ; Auto               ; Auto               ;
; Create Debugging Nodes for IP Cores                                        ; Off                ; Off                ;
; Preserve fewer node names                                                  ; On                 ; On                 ;
; Disable OpenCore Plus hardware evaluation                                  ; Off                ; Off                ;
; Verilog Version                                                            ; Verilog_2001       ; Verilog_2001       ;
; VHDL Version                                                               ; VHDL_1993          ; VHDL_1993          ;
; State Machine Processing                                                   ; Auto               ; Auto               ;
; Safe State Machine                                                         ; Off                ; Off                ;
; Extract Verilog State Machines                                             ; On                 ; On                 ;
; Extract VHDL State Machines                                                ; On                 ; On                 ;
; Ignore Verilog initial constructs                                          ; Off                ; Off                ;
; Iteration limit for constant Verilog loops                                 ; 5000               ; 5000               ;
; Iteration limit for non-constant Verilog loops                             ; 250                ; 250                ;
; Add Pass-Through Logic to Inferred RAMs                                    ; On                 ; On                 ;
; Parallel Synthesis                                                         ; On                 ; On                 ;
; DSP Block Balancing                                                        ; Auto               ; Auto               ;
; Maximum DSP Block Usage                                                    ; -1                 ; -1                 ;
; NOT Gate Push-Back                                                         ; On                 ; On                 ;
; Power-Up Don't Care                                                        ; On                 ; On                 ;
; Remove Redundant Logic Cells                                               ; Off                ; Off                ;
; Remove Duplicate Registers                                                 ; On                 ; On                 ;
; Ignore CARRY Buffers                                                       ; Off                ; Off                ;
; Ignore CASCADE Buffers                                                     ; Off                ; Off                ;
; Ignore GLOBAL Buffers                                                      ; Off                ; Off                ;
; Ignore ROW GLOBAL Buffers                                                  ; Off                ; Off                ;
; Ignore LCELL Buffers                                                       ; Off                ; Off                ;
; Ignore SOFT Buffers                                                        ; On                 ; On                 ;
; Limit AHDL Integers to 32 Bits                                             ; Off                ; Off                ;
; Optimization Technique                                                     ; Balanced           ; Balanced           ;
; Carry Chain Length                                                         ; 70                 ; 70                 ;
; Auto Carry Chains                                                          ; On                 ; On                 ;
; Auto Open-Drain Pins                                                       ; On                 ; On                 ;
; Perform WYSIWYG Primitive Resynthesis                                      ; Off                ; Off                ;
; Auto ROM Replacement                                                       ; On                 ; On                 ;
; Auto RAM Replacement                                                       ; On                 ; On                 ;
; Auto DSP Block Replacement                                                 ; On                 ; On                 ;
; Auto Shift Register Replacement                                            ; Auto               ; Auto               ;
; Allow Shift Register Merging across Hierarchies                            ; Auto               ; Auto               ;
; Auto Clock Enable Replacement                                              ; On                 ; On                 ;
; Strict RAM Replacement                                                     ; Off                ; Off                ;
; Allow Synchronous Control Signals                                          ; On                 ; On                 ;
; Force Use of Synchronous Clear Signals                                     ; Off                ; Off                ;
; Auto RAM Block Balancing                                                   ; On                 ; On                 ;
; Auto RAM to Logic Cell Conversion                                          ; Off                ; Off                ;
; Auto Resource Sharing                                                      ; Off                ; Off                ;
; Allow Any RAM Size For Recognition                                         ; Off                ; Off                ;
; Allow Any ROM Size For Recognition                                         ; Off                ; Off                ;
; Allow Any Shift Register Size For Recognition                              ; Off                ; Off                ;
; Use LogicLock Constraints during Resource Balancing                        ; On                 ; On                 ;
; Maximum Number of M4K/M9K/M20K Memory Blocks                               ; -1                 ; -1                 ;
; Ignore translate_off and synthesis_off directives                          ; Off                ; Off                ;
; Timing-Driven Synthesis                                                    ; On                 ; On                 ;
; Report Parameter Settings                                                  ; On                 ; On                 ;
; Report Source Assignments                                                  ; On                 ; On                 ;
; Report Connectivity Checks                                                 ; On                 ; On                 ;
; Ignore Maximum Fan-Out Assignments                                         ; Off                ; Off                ;
; Synchronization Register Chain Length                                      ; 2                  ; 2                  ;
; PowerPlay Power Optimization                                               ; Normal compilation ; Normal compilation ;
; HDL message level                                                          ; Level2             ; Level2             ;
; Suppress Register Optimization Related Messages                            ; Off                ; Off                ;
; Number of Removed Registers Reported in Synthesis Report                   ; 5000               ; 5000               ;
; Number of Inverted Registers Reported in Synthesis Report                  ; 100                ; 100                ;
; Clock MUX Protection                                                       ; On                 ; On                 ;
; Auto Gated Clock Conversion                                                ; Off                ; Off                ;
; Block Design Naming                                                        ; Auto               ; Auto               ;
; SDC constraint protection                                                  ; Off                ; Off                ;
; Synthesis Effort                                                           ; Auto               ; Auto               ;
; Shift Register Replacement - Allow Asynchronous Clear Signal               ; On                 ; On                 ;
; Analysis & Synthesis Message Level                                         ; Medium             ; Medium             ;
; Disable Register Merging Across Hierarchies                                ; Auto               ; Auto               ;
; Resource Aware Inference For Block RAM                                     ; On                 ; On                 ;
; Synthesis Seed                                                             ; 1                  ; 1                  ;
+----------------------------------------------------------------------------+--------------------+--------------------+


+------------------------------------------+
; Parallel Compilation                     ;
+----------------------------+-------------+
; Processors                 ; Number      ;
+----------------------------+-------------+
; Number detected on machine ; 2           ;
; Maximum allowed            ; 2           ;
;                            ;             ;
; Average used               ; 1.00        ;
; Maximum used               ; 1           ;
;                            ;             ;
; Usage by Processor         ; % Time Used ;
;     1 processor            ; 100.0%      ;
;     2 processors           ;   0.0%      ;
+----------------------------+-------------+


+-----------------------------------------------------------------------------------------------------------------------+
; Analysis & Synthesis Source Files Read                                                                                ;
+----------------------------------+-----------------+------------------------+-----------------------------------------+
; File Name with User-Entered Path ; Used in Netlist ; File Type              ; File Name with Absolute Path            ;
+----------------------------------+-----------------+------------------------+-----------------------------------------+
; i2c.v                            ; yes             ; User Verilog HDL File  ; E:/Program/EP4CE6/verilog/AT24CXX/i2c.v ;
+----------------------------------+-----------------+------------------------+-----------------------------------------+


+---------------------------------------------------------+
; Analysis & Synthesis Resource Usage Summary             ;
+---------------------------------------------+-----------+
; Resource                                    ; Usage     ;
+---------------------------------------------+-----------+
; Estimated Total logic elements              ; 265       ;
;                                             ;           ;
; Total combinational functions               ; 255       ;
; Logic element usage by number of LUT inputs ;           ;
;     -- 4 input functions                    ; 139       ;
;     -- 3 input functions                    ; 35        ;
;     -- <=2 input functions                  ; 81        ;
;                                             ;           ;
; Logic elements by mode                      ;           ;
;     -- normal mode                          ; 208       ;
;     -- arithmetic mode                      ; 47        ;
;                                             ;           ;
; Total registers                             ; 90        ;
;     -- Dedicated logic registers            ; 90        ;
;     -- I/O registers                        ; 0         ;
;                                             ;           ;
; I/O pins                                    ; 27        ;
; Maximum fan-out node                        ; clk~input ;
; Maximum fan-out                             ; 90        ;
; Total fan-out                               ; 1162      ;
; Average fan-out                             ; 2.90      ;
+---------------------------------------------+-----------+


+-----------------------------------------------------------------------------------------------------------------------------------------------------------------------------+
; Analysis & Synthesis Resource Utilization by Entity                                                                                                                         ;
+----------------------------+-------------------+--------------+-------------+--------------+---------+-----------+------+--------------+---------------------+--------------+
; Compilation Hierarchy Node ; LC Combinationals ; LC Registers ; Memory Bits ; DSP Elements ; DSP 9x9 ; DSP 18x18 ; Pins ; Virtual Pins ; Full Hierarchy Name ; Library Name ;
+----------------------------+-------------------+--------------+-------------+--------------+---------+-----------+------+--------------+---------------------+--------------+
; |i2c                       ; 255 (255)         ; 90 (90)      ; 0           ; 0            ; 0       ; 0         ; 27   ; 0            ; |i2c                ;              ;
+----------------------------+-------------------+--------------+-------------+--------------+---------+-----------+------+--------------+---------------------+--------------+
Note: For table entries with two numbers listed, the numbers in parentheses indicate the number of resources of the given type used by the specific entity alone. The numbers listed outside of parentheses indicate the total resources of the given type used by the specific entity and all of its sub-entities in the hierarchy.


Encoding Type:  One-Hot
+---------------------------------------------------------------------------------------------------------------------------------------------------------------------------------------------------------------------------------------------------+
; State Machine - |i2c|inner_state                                                                                                                                                                                                                  ;
+---------------------+------------------+-----------------+--------------------+---------------------+-------------------+-------------------+--------------------+-------------------+--------------------+-------------------+-------------------+
; Name                ; inner_state.stop ; inner_state.ack ; inner_state.eighth ; inner_state.seventh ; inner_state.sixth ; inner_state.fifth ; inner_state.fourth ; inner_state.third ; inner_state.second ; inner_state.first ; inner_state.start ;
+---------------------+------------------+-----------------+--------------------+---------------------+-------------------+-------------------+--------------------+-------------------+--------------------+-------------------+-------------------+
; inner_state.start   ; 0                ; 0               ; 0                  ; 0                   ; 0                 ; 0                 ; 0                  ; 0                 ; 0                  ; 0                 ; 0                 ;
; inner_state.first   ; 0                ; 0               ; 0                  ; 0                   ; 0                 ; 0                 ; 0                  ; 0                 ; 0                  ; 1                 ; 1                 ;
; inner_state.second  ; 0                ; 0               ; 0                  ; 0                   ; 0                 ; 0                 ; 0                  ; 0                 ; 1                  ; 0                 ; 1                 ;
; inner_state.third   ; 0                ; 0               ; 0                  ; 0                   ; 0                 ; 0                 ; 0                  ; 1                 ; 0                  ; 0                 ; 1                 ;
; inner_state.fourth  ; 0                ; 0               ; 0                  ; 0                   ; 0                 ; 0                 ; 1                  ; 0                 ; 0                  ; 0                 ; 1                 ;
; inner_state.fifth   ; 0                ; 0               ; 0                  ; 0                   ; 0                 ; 1                 ; 0                  ; 0                 ; 0                  ; 0                 ; 1                 ;
; inner_state.sixth   ; 0                ; 0               ; 0                  ; 0                   ; 1                 ; 0                 ; 0                  ; 0                 ; 0                  ; 0                 ; 1                 ;
; inner_state.seventh ; 0                ; 0               ; 0                  ; 1                   ; 0                 ; 0                 ; 0                  ; 0                 ; 0                  ; 0                 ; 1                 ;
; inner_state.eighth  ; 0                ; 0               ; 1                  ; 0                   ; 0                 ; 0                 ; 0                  ; 0                 ; 0                  ; 0                 ; 1                 ;
; inner_state.ack     ; 0                ; 1               ; 0                  ; 0                   ; 0                 ; 0                 ; 0                  ; 0                 ; 0                  ; 0                 ; 1                 ;
; inner_state.stop    ; 1                ; 0               ; 0                  ; 0                   ; 0                 ; 0                 ; 0                  ; 0                 ; 0                  ; 0                 ; 1                 ;
+---------------------+------------------+-----------------+--------------------+---------------------+-------------------+-------------------+--------------------+-------------------+--------------------+-------------------+-------------------+


Encoding Type:  One-Hot
+-----------------------------------------------------------------------------------------------------------------------------+
; State Machine - |i2c|i2c_state                                                                                              ;
+----------------------+---------------------+----------------------+--------------------+---------------+--------------------+
; Name                 ; i2c_state.read_data ; i2c_state.write_data ; i2c_state.sendaddr ; i2c_state.ini ; i2c_state.read_ini ;
+----------------------+---------------------+----------------------+--------------------+---------------+--------------------+
; i2c_state.ini        ; 0                   ; 0                    ; 0                  ; 0             ; 0                  ;
; i2c_state.sendaddr   ; 0                   ; 0                    ; 1                  ; 1             ; 0                  ;
; i2c_state.write_data ; 0                   ; 1                    ; 0                  ; 1             ; 0                  ;
; i2c_state.read_data  ; 1                   ; 0                    ; 0                  ; 1             ; 0                  ;
; i2c_state.read_ini   ; 0                   ; 0                    ; 0                  ; 1             ; 1                  ;
+----------------------+---------------------+----------------------+--------------------+---------------+--------------------+


Encoding Type:  One-Hot
+---------------------------------------------------------------+
; State Machine - |i2c|main_state                               ;
+---------------+---------------+---------------+---------------+
; Name          ; main_state.00 ; main_state.10 ; main_state.01 ;
+---------------+---------------+---------------+---------------+
; main_state.00 ; 0             ; 0             ; 0             ;
; main_state.01 ; 1             ; 0             ; 1             ;
; main_state.10 ; 1             ; 1             ; 0             ;
+---------------+---------------+---------------+---------------+


+---------------------------------------------------------------------------------+
; Registers Removed During Synthesis                                              ;
+----------------------------------------+----------------------------------------+
; Register name                          ; Reason for Removal                     ;
+----------------------------------------+----------------------------------------+
; writeData_reg[4..7]                    ; Stuck at GND due to stuck port data_in ;
; inner_state~15                         ; Lost fanout                            ;
; inner_state~16                         ; Lost fanout                            ;
; inner_state~17                         ; Lost fanout                            ;
; inner_state~18                         ; Lost fanout                            ;
; i2c_state~9                            ; Lost fanout                            ;
; i2c_state~10                           ; Lost fanout                            ;
; clk_div[0]                             ; Merged with cnt_scan[0]                ;
; clk_div[1]                             ; Merged with cnt_scan[1]                ;
; en[1]~reg0                             ; Merged with en[0]~reg0                 ;
; Total Number of Removed Registers = 13 ;                                        ;
+----------------------------------------+----------------------------------------+


+------------------------------------------------------+
; General Register Statistics                          ;
+----------------------------------------------+-------+
; Statistic                                    ; Value ;
+----------------------------------------------+-------+
; Total registers                              ; 90    ;
; Number of registers using Synchronous Clear  ; 2     ;
; Number of registers using Synchronous Load   ; 0     ;
; Number of registers using Asynchronous Clear ; 90    ;
; Number of registers using Asynchronous Load  ; 0     ;
; Number of registers using Clock Enable       ; 34    ;
; Number of registers using Preset             ; 0     ;
+----------------------------------------------+-------+


+--------------------------------------------------+
; Inverted Register Statistics                     ;
+----------------------------------------+---------+
; Inverted Register                      ; Fan out ;
+----------------------------------------+---------+
; scl~reg0                               ; 2       ;
; writeData_reg[0]                       ; 2       ;
; writeData_reg[2]                       ; 2       ;
; sda_buf                                ; 18      ;
; Total number of inverted registers = 4 ;         ;
+----------------------------------------+---------+


+----------------------------------------------------------------------------------------------------------------------------------------------------+
; Multiplexer Restructuring Statistics (Restructuring Performed)                                                                                     ;
+--------------------+-----------+---------------+----------------------+------------------------+----------------------+----------------------------+
; Multiplexer Inputs ; Bus Width ; Baseline Area ; Area if Restructured ; Saving if Restructured ; Registered           ; Example Multiplexer Output ;
+--------------------+-----------+---------------+----------------------+------------------------+----------------------+----------------------------+
; 3:1                ; 8 bits    ; 16 LEs        ; 0 LEs                ; 16 LEs                 ; |i2c|readData_reg[5] ;                            ;
; 3:1                ; 5 bits    ; 10 LEs        ; 5 LEs                ; 5 LEs                  ; |i2c|i2c_state       ;                            ;
; 5:1                ; 8 bits    ; 24 LEs        ; 16 LEs               ; 8 LEs                  ; |i2c|Selector98      ;                            ;
; 10:1               ; 2 bits    ; 12 LEs        ; 4 LEs                ; 8 LEs                  ; |i2c|Selector24      ;                            ;
; 14:1               ; 2 bits    ; 18 LEs        ; 6 LEs                ; 12 LEs                 ; |i2c|Selector53      ;                            ;
; 15:1               ; 3 bits    ; 30 LEs        ; 9 LEs                ; 21 LEs                 ; |i2c|Selector128     ;                            ;
+--------------------+-----------+---------------+----------------------+------------------------+----------------------+----------------------------+


+---------------------------------------------------------------------+
; Parameter Settings for User Entity Instance: Top-level Entity: |i2c ;
+----------------+--------+-------------------------------------------+
; Parameter Name ; Value  ; Type                                      ;
+----------------+--------+-------------------------------------------+
; div_parameter  ; 100    ; Signed Integer                            ;
; start          ; 0000   ; Unsigned Binary                           ;
; first          ; 0001   ; Unsigned Binary                           ;
; second         ; 0010   ; Unsigned Binary                           ;
; third          ; 0011   ; Unsigned Binary                           ;
; fourth         ; 0100   ; Unsigned Binary                           ;
; fifth          ; 0101   ; Unsigned Binary                           ;
; sixth          ; 0110   ; Unsigned Binary                           ;
; seventh        ; 0111   ; Unsigned Binary                           ;
; eighth         ; 1000   ; Unsigned Binary                           ;
; ack            ; 1001   ; Unsigned Binary                           ;
; stop           ; 1010   ; Unsigned Binary                           ;
; ini            ; 000    ; Unsigned Binary                           ;
; sendaddr       ; 001    ; Unsigned Binary                           ;
; write_data     ; 010    ; Unsigned Binary                           ;
; read_data      ; 011    ; Unsigned Binary                           ;
; read_ini       ; 000100 ; Unsigned Binary                           ;
+----------------+--------+-------------------------------------------+
Note: In order to hide this table in the UI and the text report file, please set the "Show Parameter Settings in Synthesis Report" option in "Analysis and Synthesis Settings -> More Settings" to "Off".


+-------------------------------+
; Elapsed Time Per Partition    ;
+----------------+--------------+
; Partition Name ; Elapsed Time ;
+----------------+--------------+
; Top            ; 00:00:02     ;
+----------------+--------------+


+-------------------------------+
; Analysis & Synthesis Messages ;
+-------------------------------+
Info: *******************************************************************
Info: Running Quartus II Analysis & Synthesis
    Info: Version 11.0 Build 157 04/27/2011 SJ Full Version
    Info: Processing started: Tue Sep 04 09:28:46 2012
Info: Command: quartus_map --read_settings_files=on --write_settings_files=off i2c -c i2c
Critical Warning: Setting INCREMENTAL_COMPILATION to "OFF" is no longer supported. Assignment is ignored. To disable partitions, set the IGNORE_PARTITIONS global assignment to "ON" instead.
Info: Parallel compilation is enabled and will use 2 of the 2 processors detected
Info: Found 1 design units, including 1 entities, in source file i2c.v
    Info: Found entity 1: i2c
Info: Elaborating entity "i2c" for the top level hierarchy
Warning (10230): Verilog HDL assignment warning at i2c.v(72): truncated value with size 32 to match size of target (20)
Warning (10230): Verilog HDL assignment warning at i2c.v(90): truncated value with size 32 to match size of target (8)
Info (10264): Verilog HDL Case Statement information at i2c.v(155): all case item expressions in this case statement are onehot
Info (10264): Verilog HDL Case Statement information at i2c.v(231): all case item expressions in this case statement are onehot
Info (10264): Verilog HDL Case Statement information at i2c.v(296): all case item expressions in this case statement are onehot
Info (10264): Verilog HDL Case Statement information at i2c.v(153): all case item expressions in this case statement are onehot
Info (10264): Verilog HDL Case Statement information at i2c.v(377): all case item expressions in this case statement are onehot
Info (10264): Verilog HDL Case Statement information at i2c.v(453): all case item expressions in this case statement are onehot
Info (10264): Verilog HDL Case Statement information at i2c.v(518): all case item expressions in this case statement are onehot
Info (10264): Verilog HDL Case Statement information at i2c.v(593): all case item expressions in this case statement are onehot
Info (10264): Verilog HDL Case Statement information at i2c.v(375): all case item expressions in this case statement are onehot
Warning (10240): Verilog HDL Always Construct warning at i2c.v(114): inferring latch(es) for variable "addr", which holds its previous value in one or more paths through the always construct
Warning (10230): Verilog HDL assignment warning at i2c.v(703): truncated value with size 32 to match size of target (24)
Info (10264): Verilog HDL Case Statement information at i2c.v(711): all case item expressions in this case statement are onehot
Info (10041): Inferred latch for "addr[0]" at i2c.v(114)
Info (10041): Inferred latch for "addr[1]" at i2c.v(114)
Info (10041): Inferred latch for "addr[2]" at i2c.v(114)
Info (10041): Inferred latch for "addr[3]" at i2c.v(114)
Info (10041): Inferred latch for "addr[4]" at i2c.v(114)
Info (10041): Inferred latch for "addr[5]" at i2c.v(114)
Info (10041): Inferred latch for "addr[6]" at i2c.v(114)
Info (10041): Inferred latch for "addr[7]" at i2c.v(114)
Info: Registers with preset signals will power-up high
Info: DEV_CLRn pin will set, and not reset, register with preset signal due to NOT Gate Push-Back
Warning: Output pins are stuck at VCC or GND
    Warning (13410): Pin "lowbit" is stuck at GND
    Warning (13410): Pin "seg_data[7]" is stuck at VCC
    Warning (13410): Pin "dgnd[0]" is stuck at GND
    Warning (13410): Pin "dgnd[1]" is stuck at GND
    Warning (13410): Pin "dgnd[2]" is stuck at GND
    Warning (13410): Pin "dgnd[3]" is stuck at GND
    Warning (13410): Pin "dgnd[4]" is stuck at GND
    Warning (13410): Pin "dgnd[5]" is stuck at GND
Info: Timing-Driven Synthesis is running
Info: 6 registers lost all their fanouts during netlist optimizations. The first 6 are displayed below.
    Info: Register "inner_state~15" lost all its fanouts during netlist optimizations.
    Info: Register "inner_state~16" lost all its fanouts during netlist optimizations.
    Info: Register "inner_state~17" lost all its fanouts during netlist optimizations.
    Info: Register "inner_state~18" lost all its fanouts during netlist optimizations.
    Info: Register "i2c_state~9" lost all its fanouts during netlist optimizations.
    Info: Register "i2c_state~10" lost all its fanouts during netlist optimizations.
Critical Warning: Setting INCREMENTAL_COMPILATION to "OFF" is no longer supported. Assignment is ignored. To disable partitions, set the IGNORE_PARTITIONS global assignment to "ON" instead.
Info: Generating hard_block partition "hard_block:auto_generated_inst"
Info: Implemented 292 device resources after synthesis - the final resource count might be different
    Info: Implemented 8 input pins
    Info: Implemented 18 output pins
    Info: Implemented 1 bidirectional pins
    Info: Implemented 265 logic cells
Info: Quartus II Analysis & Synthesis was successful. 0 errors, 15 warnings
    Info: Peak virtual memory: 224 megabytes
    Info: Processing ended: Tue Sep 04 09:28:49 2012
    Info: Elapsed time: 00:00:03
    Info: Total CPU time (on all processors): 00:00:02


